0 info it worked if it ends with ok
1 verbose cli [ '/Users/michellefunk/.nvm/versions/io.js/v2.5.0/bin/iojs',
1 verbose cli   '/Users/michellefunk/.nvm/versions/io.js/v2.5.0/bin/npm',
1 verbose cli   'start' ]
2 info using npm@2.13.2
3 info using node@v2.5.0
4 verbose run-script [ 'prestart', 'start', 'poststart' ]
5 info prestart prime_solo_nd_01@1.0.0
6 info start prime_solo_nd_01@1.0.0
7 verbose unsafe-perm in lifecycle true
8 info prime_solo_nd_01@1.0.0 Failed to exec start script
9 verbose stack Error: prime_solo_nd_01@1.0.0 start: `node server/app.js`
9 verbose stack Exit status 1
9 verbose stack     at EventEmitter.<anonymous> (/Users/michellefunk/.nvm/versions/io.js/v2.5.0/lib/node_modules/npm/lib/utils/lifecycle.js:214:16)
9 verbose stack     at emitTwo (events.js:87:13)
9 verbose stack     at EventEmitter.emit (events.js:172:7)
9 verbose stack     at ChildProcess.<anonymous> (/Users/michellefunk/.nvm/versions/io.js/v2.5.0/lib/node_modules/npm/lib/utils/spawn.js:24:14)
9 verbose stack     at emitTwo (events.js:87:13)
9 verbose stack     at ChildProcess.emit (events.js:172:7)
9 verbose stack     at maybeClose (internal/child_process.js:764:16)
9 verbose stack     at Process.ChildProcess._handle.onexit (internal/child_process.js:211:5)
10 verbose pkgid prime_solo_nd_01@1.0.0
11 verbose cwd /Users/michellefunk/devicesim-prime
12 error Darwin 15.2.0
13 error argv "/Users/michellefunk/.nvm/versions/io.js/v2.5.0/bin/iojs" "/Users/michellefunk/.nvm/versions/io.js/v2.5.0/bin/npm" "start"
14 error node v2.5.0
15 error npm  v2.13.2
16 error code ELIFECYCLE
17 error prime_solo_nd_01@1.0.0 start: `node server/app.js`
17 error Exit status 1
18 error Failed at the prime_solo_nd_01@1.0.0 start script 'node server/app.js'.
18 error This is most likely a problem with the prime_solo_nd_01 package,
18 error not with npm itself.
18 error Tell the author that this fails on your system:
18 error     node server/app.js
18 error You can get their info via:
18 error     npm owner ls prime_solo_nd_01
18 error There is likely additional logging output above.
19 verbose exit [ 1, true ]
